<<<<<<< HEAD
This is pdfTeX, Version 3.1415926-2.4-1.40.13 (TeX Live 2012/Debian) (format=pdflatex 2013.1.28)  14 MAY 2013 23:21
=======
This is pdfTeX, Version 3.1415926-2.4-1.40.13 (TeX Live 2012) (format=pdflatex 2012.6.30)  14 MAY 2013 23:41
>>>>>>> Don't collide..
entering extended mode
 restricted \write18 enabled.
 %&-line parsing enabled.
**\nonstopmode \input{"/media/DOCUMENTS/Dropbox/CS4758/rosws/scrubber/paper/bus
bot.tex"}
(/media/DOCUMENTS/Dropbox/CS4758/rosws/scrubber/paper/busbot.tex
(/media/DOCUMENTS/Dropbox/CS4758/rosws/scrubber/paper/ieeeconf.cls
Document Class: ieeeconf 2004/1/15 revision V1.6b by Pradeep Misra
\@IEEEtrantmpdimenA=\dimen102
\@IEEEtrantmpdimenB=\dimen103
\@IEEEtrantmpcountA=\count79
\@IEEEtrantmpcountB=\count80
\@IEEEtrantmptoksA=\toks14
LaTeX Font Info:    Try loading font information for OT1+ptm on input line 792.

(/usr/share/texlive/texmf-dist/tex/latex/psnfss/ot1ptm.fd
File: ot1ptm.fd 2001/06/04 font definitions for OT1/ptm.
)
\@IEEEnormalsizefontbaselineskip=\skip41

-- This is a 10 point document.
\normalsizebaselineskip=\skip42
\normaljot=\skip43
LaTeX Font Info:    Font shape `OT1/ptm/bx/n' in size <5> not available
(Font)              Font shape `OT1/ptm/b/n' tried instead on input line 1111.
LaTeX Font Info:    Font shape `OT1/ptm/bx/it' in size <5> not available
(Font)              Font shape `OT1/ptm/b/it' tried instead on input line 1111.

LaTeX Font Info:    Font shape `OT1/ptm/bx/n' in size <7> not available
(Font)              Font shape `OT1/ptm/b/n' tried instead on input line 1111.
LaTeX Font Info:    Font shape `OT1/ptm/bx/it' in size <7> not available
(Font)              Font shape `OT1/ptm/b/it' tried instead on input line 1111.

LaTeX Font Info:    Font shape `OT1/ptm/bx/n' in size <8> not available
(Font)              Font shape `OT1/ptm/b/n' tried instead on input line 1111.
LaTeX Font Info:    Font shape `OT1/ptm/bx/it' in size <8> not available
(Font)              Font shape `OT1/ptm/b/it' tried instead on input line 1111.

LaTeX Font Info:    Font shape `OT1/ptm/bx/n' in size <9> not available
(Font)              Font shape `OT1/ptm/b/n' tried instead on input line 1111.
LaTeX Font Info:    Font shape `OT1/ptm/bx/it' in size <9> not available
(Font)              Font shape `OT1/ptm/b/it' tried instead on input line 1111.

LaTeX Font Info:    Font shape `OT1/ptm/bx/n' in size <10> not available
(Font)              Font shape `OT1/ptm/b/n' tried instead on input line 1111.
LaTeX Font Info:    Font shape `OT1/ptm/bx/it' in size <10> not available
(Font)              Font shape `OT1/ptm/b/it' tried instead on input line 1111.

LaTeX Font Info:    Font shape `OT1/ptm/bx/n' in size <11> not available
(Font)              Font shape `OT1/ptm/b/n' tried instead on input line 1111.
LaTeX Font Info:    Font shape `OT1/ptm/bx/it' in size <11> not available
(Font)              Font shape `OT1/ptm/b/it' tried instead on input line 1111.

LaTeX Font Info:    Font shape `OT1/ptm/bx/n' in size <12> not available
(Font)              Font shape `OT1/ptm/b/n' tried instead on input line 1111.
LaTeX Font Info:    Font shape `OT1/ptm/bx/it' in size <12> not available
(Font)              Font shape `OT1/ptm/b/it' tried instead on input line 1111.

LaTeX Font Info:    Font shape `OT1/ptm/bx/n' in size <16> not available
(Font)              Font shape `OT1/ptm/b/n' tried instead on input line 1111.
LaTeX Font Info:    Font shape `OT1/ptm/bx/it' in size <16> not available
(Font)              Font shape `OT1/ptm/b/it' tried instead on input line 1111.

LaTeX Font Info:    Font shape `OT1/ptm/bx/n' in size <20> not available
(Font)              Font shape `OT1/ptm/b/n' tried instead on input line 1111.
LaTeX Font Info:    Font shape `OT1/ptm/bx/it' in size <20> not available
(Font)              Font shape `OT1/ptm/b/it' tried instead on input line 1111.

LaTeX Font Info:    Font shape `OT1/ptm/bx/n' in size <24> not available
(Font)              Font shape `OT1/ptm/b/n' tried instead on input line 1111.
LaTeX Font Info:    Font shape `OT1/ptm/bx/it' in size <24> not available
(Font)              Font shape `OT1/ptm/b/it' tried instead on input line 1111.

\IEEEilabelindentA=\dimen104
\IEEEilabelindentB=\dimen105
\IEEEilabelindent=\dimen106
\IEEEelabelindent=\dimen107
\IEEEdlabelindent=\dimen108
\labelindent=\dimen109
\IEEEiednormlabelsep=\dimen110
\IEEEiedmathlabelsep=\dimen111
\IEEEiedtopsep=\skip44
\c@section=\count81
\c@subsection=\count82
\c@subsubsection=\count83
\c@paragraph=\count84
\c@IEEEsubequation=\count85
\abovecaptionskip=\skip45
\belowcaptionskip=\skip46
\c@figure=\count86
\c@table=\count87
\@IEEEeqnnumcols=\count88
\@IEEEeqncolcnt=\count89
\@IEEEtmpitemindent=\dimen112
\c@biography=\count90
\@IEEEtranrubishbin=\box26
)
** ATTENTION: Overriding command lockouts (line 10).
** ATTENTION: Overriding IEEE standard margins (line 13).
(/usr/share/texlive/texmf-dist/tex/latex/graphics/graphics.sty
Package: graphics 2009/02/05 v1.0o Standard LaTeX Graphics (DPC,SPQR)

(/usr/share/texlive/texmf-dist/tex/latex/graphics/trig.sty
Package: trig 1999/03/16 v1.09 sin cos tan (DPC)
)
(/usr/share/texlive/texmf-dist/tex/latex/latexconfig/graphics.cfg
File: graphics.cfg 2010/04/23 v1.9 graphics configuration of TeX Live
)
Package graphics Info: Driver file: pdftex.def on input line 91.

(/usr/share/texlive/texmf-dist/tex/latex/pdftex-def/pdftex.def
File: pdftex.def 2011/05/27 v0.06d Graphics/color for pdfTeX

(/usr/share/texlive/texmf-dist/tex/generic/oberdiek/infwarerr.sty
Package: infwarerr 2010/04/08 v1.3 Providing info/warning/error messages (HO)
)
(/usr/share/texlive/texmf-dist/tex/generic/oberdiek/ltxcmds.sty
Package: ltxcmds 2011/11/09 v1.22 LaTeX kernel commands for general use (HO)
)
\Gread@gobject=\count91
))
<<<<<<< HEAD
(/usr/share/texlive/texmf-dist/tex/latex/graphics/epsfig.sty
=======
(/usr/local/texlive/2012/texmf-dist/tex/latex/tools/multicol.sty
Package: multicol 2011/06/27 v1.7a multicolumn formatting (FMi)
\c@tracingmulticols=\count92
\mult@box=\box27
\multicol@leftmargin=\dimen113
\c@unbalance=\count93
\c@collectmore=\count94
\doublecol@number=\count95
\multicoltolerance=\count96
\multicolpretolerance=\count97
\full@width=\dimen114
\page@free=\dimen115
\premulticols=\dimen116
\postmulticols=\dimen117
\multicolsep=\skip47
\multicolbaselineskip=\skip48
\partial@page=\box28
\last@line=\box29
\mult@rightbox=\box30
\mult@grightbox=\box31
\mult@gfirstbox=\box32
\mult@firstbox=\box33
\@tempa=\box34
\@tempa=\box35
\@tempa=\box36
\@tempa=\box37
\@tempa=\box38
\@tempa=\box39
\@tempa=\box40
\@tempa=\box41
\@tempa=\box42
\@tempa=\box43
\@tempa=\box44
\@tempa=\box45
\@tempa=\box46
\@tempa=\box47
\@tempa=\box48
\@tempa=\box49
\@tempa=\box50
\c@columnbadness=\count98
\c@finalcolumnbadness=\count99
\last@try=\dimen118
\multicolovershoot=\dimen119
\multicolundershoot=\dimen120
\mult@nat@firstbox=\box51
\colbreak@box=\box52
\multicol@sort@counter=\count100
)
(/usr/local/texlive/2012/texmf-dist/tex/latex/graphics/epsfig.sty
>>>>>>> Don't collide..
Package: epsfig 1999/02/16 v1.7a (e)psfig emulation (SPQR)

(/usr/share/texlive/texmf-dist/tex/latex/graphics/graphicx.sty
Package: graphicx 1999/02/16 v1.0f Enhanced LaTeX Graphics (DPC,SPQR)

(/usr/share/texlive/texmf-dist/tex/latex/graphics/keyval.sty
Package: keyval 1999/03/16 v1.13 key=value parser (DPC)
\KV@toks@=\toks15
)
\Gin@req@height=\dimen121
\Gin@req@width=\dimen122
)
\epsfxsize=\dimen123
\epsfysize=\dimen124
)
(/usr/share/texlive/texmf-dist/tex/latex/amsmath/amsmath.sty
Package: amsmath 2000/07/18 v2.13 AMS math features
\@mathmargin=\skip49

For additional information on amsmath, use the `?' option.
(/usr/share/texlive/texmf-dist/tex/latex/amsmath/amstext.sty
Package: amstext 2000/06/29 v2.01

(/usr/share/texlive/texmf-dist/tex/latex/amsmath/amsgen.sty
File: amsgen.sty 1999/11/30 v2.0
\@emptytoks=\toks16
\ex@=\dimen125
))
(/usr/share/texlive/texmf-dist/tex/latex/amsmath/amsbsy.sty
Package: amsbsy 1999/11/29 v1.2d
\pmbraise@=\dimen126
)
(/usr/share/texlive/texmf-dist/tex/latex/amsmath/amsopn.sty
Package: amsopn 1999/12/14 v2.01 operator names
)
\inf@bad=\count101
LaTeX Info: Redefining \frac on input line 211.
\uproot@=\count102
\leftroot@=\count103
LaTeX Info: Redefining \overline on input line 307.
\classnum@=\count104
\DOTSCASE@=\count105
LaTeX Info: Redefining \ldots on input line 379.
LaTeX Info: Redefining \dots on input line 382.
LaTeX Info: Redefining \cdots on input line 467.
\Mathstrutbox@=\box53
\strutbox@=\box54
\big@size=\dimen127
LaTeX Font Info:    Redeclaring font encoding OML on input line 567.
LaTeX Font Info:    Redeclaring font encoding OMS on input line 568.
\macc@depth=\count106
\c@MaxMatrixCols=\count107
\dotsspace@=\muskip10
\c@parentequation=\count108
\dspbrk@lvl=\count109
\tag@help=\toks17
\row@=\count110
\column@=\count111
\maxfields@=\count112
\andhelp@=\toks18
\eqnshift@=\dimen128
\alignsep@=\dimen129
\tagshift@=\dimen130
\tagwidth@=\dimen131
\totwidth@=\dimen132
\lineht@=\dimen133
\@envbody=\toks19
\multlinegap=\skip50
\multlinetaggap=\skip51
\mathdisplay@stack=\toks20
LaTeX Info: Redefining \[ on input line 2666.
LaTeX Info: Redefining \] on input line 2667.
)
<<<<<<< HEAD
(/media/DOCUMENTS/Dropbox/CS4758/rosws/scrubber/paper/busbot.aux)
\openout1 = `busbot.aux'.

LaTeX Font Info:    Checking defaults for OML/cmm/m/it on input line 49.
LaTeX Font Info:    ... okay on input line 49.
LaTeX Font Info:    Checking defaults for T1/cmr/m/n on input line 49.
LaTeX Font Info:    ... okay on input line 49.
LaTeX Font Info:    Checking defaults for OT1/cmr/m/n on input line 49.
LaTeX Font Info:    ... okay on input line 49.
LaTeX Font Info:    Checking defaults for OMS/cmsy/m/n on input line 49.
LaTeX Font Info:    ... okay on input line 49.
LaTeX Font Info:    Checking defaults for OMX/cmex/m/n on input line 49.
LaTeX Font Info:    ... okay on input line 49.
LaTeX Font Info:    Checking defaults for U/cmr/m/n on input line 49.
LaTeX Font Info:    ... okay on input line 49.

(/usr/share/texlive/texmf-dist/tex/context/base/supp-pdf.mkii
=======
(./busbot.aux

LaTeX Warning: Label `fig:contrast_fail' multiply defined.


LaTeX Warning: Label `fig:contrast_fail' multiply defined.


LaTeX Warning: Label `fig:contrast_fail' multiply defined.


LaTeX Warning: Label `fig:contrast_fail' multiply defined.


LaTeX Warning: Label `fig:contrast_fail' multiply defined.

)
\openout1 = `busbot.aux'.

LaTeX Font Info:    Checking defaults for OML/cmm/m/it on input line 50.
LaTeX Font Info:    ... okay on input line 50.
LaTeX Font Info:    Checking defaults for T1/cmr/m/n on input line 50.
LaTeX Font Info:    ... okay on input line 50.
LaTeX Font Info:    Checking defaults for OT1/cmr/m/n on input line 50.
LaTeX Font Info:    ... okay on input line 50.
LaTeX Font Info:    Checking defaults for OMS/cmsy/m/n on input line 50.
LaTeX Font Info:    ... okay on input line 50.
LaTeX Font Info:    Checking defaults for OMX/cmex/m/n on input line 50.
LaTeX Font Info:    ... okay on input line 50.
LaTeX Font Info:    Checking defaults for U/cmr/m/n on input line 50.
LaTeX Font Info:    ... okay on input line 50.
 (/usr/local/texlive/2012/texmf-dist/tex/context/base/supp-pdf.mkii
>>>>>>> Don't collide..
[Loading MPS to PDF converter (version 2006.09.02).]
\scratchcounter=\count113
\scratchdimen=\dimen134
\scratchbox=\box55
\nofMPsegments=\count114
\nofMParguments=\count115
\everyMPshowfont=\toks21
\MPscratchCnt=\count116
\MPscratchDim=\dimen135
\MPnumerator=\count117
\makeMPintoPDFobject=\count118
\everyMPtoPDFconversion=\toks22
) (/usr/share/texlive/texmf-dist/tex/generic/oberdiek/pdftexcmds.sty
Package: pdftexcmds 2011/11/29 v0.20 Utility functions of pdfTeX for LuaTeX (HO
)

(/usr/share/texlive/texmf-dist/tex/generic/oberdiek/ifluatex.sty
Package: ifluatex 2010/03/01 v1.3 Provides the ifluatex switch (HO)
Package ifluatex Info: LuaTeX not detected.
)
(/usr/share/texlive/texmf-dist/tex/generic/oberdiek/ifpdf.sty
Package: ifpdf 2011/01/30 v2.3 Provides the ifpdf switch (HO)
Package ifpdf Info: pdfTeX in PDF mode is detected.
)
Package pdftexcmds Info: LuaTeX not detected.
Package pdftexcmds Info: \pdf@primitive is available.
Package pdftexcmds Info: \pdf@ifprimitive is available.
Package pdftexcmds Info: \pdfdraftmode found.
)
(/usr/share/texlive/texmf-dist/tex/latex/oberdiek/epstopdf-base.sty
Package: epstopdf-base 2010/02/09 v2.5 Base part for package epstopdf

(/usr/share/texlive/texmf-dist/tex/latex/oberdiek/grfext.sty
Package: grfext 2010/08/19 v1.1 Manage graphics extensions (HO)

(/usr/share/texlive/texmf-dist/tex/generic/oberdiek/kvdefinekeys.sty
Package: kvdefinekeys 2011/04/07 v1.3 Define keys (HO)
))
(/usr/share/texlive/texmf-dist/tex/latex/oberdiek/kvoptions.sty
Package: kvoptions 2011/06/30 v3.11 Key value format for package options (HO)

(/usr/share/texlive/texmf-dist/tex/generic/oberdiek/kvsetkeys.sty
Package: kvsetkeys 2012/04/25 v1.16 Key value parser (HO)

(/usr/share/texlive/texmf-dist/tex/generic/oberdiek/etexcmds.sty
Package: etexcmds 2011/02/16 v1.5 Avoid name clashes with e-TeX commands (HO)
Package etexcmds Info: Could not find \expanded.
(etexcmds)             That can mean that you are not using pdfTeX 1.50 or
(etexcmds)             that some package has redefined \expanded.
(etexcmds)             In the latter case, load this package earlier.
)))
Package grfext Info: Graphics extension search list:
(grfext)             [.png,.pdf,.jpg,.mps,.jpeg,.jbig2,.jb2,.PNG,.PDF,.JPG,.JPE
G,.JBIG2,.JB2,.eps]
(grfext)             \AppendGraphicsExtensions on input line 452.

(/usr/share/texlive/texmf-dist/tex/latex/latexconfig/epstopdf-sys.cfg
File: epstopdf-sys.cfg 2010/07/13 v1.3 Configuration of (r)epstopdf for TeX Liv
e
))
<assets/pr2.jpg, id=1, 2125.9425pt x 1733.47626pt>
File: assets/pr2.jpg Graphic file (type jpg)
 <use assets/pr2.jpg>
Package pdftex.def Info: assets/pr2.jpg used on input line 77.
(pdftex.def)             Requested size: 245.71811pt x 200.33748pt.

[1{/var/lib/texmf/fonts/map/pdftex/updmap/pdftex.map}


 </media/DOCUMENTS/Dropbox/CS4758/rosws/scrubber/paper/assets/pr2.jpg>]
<assets/shitty_edges.png, id=11, 864.22874pt x 480.79625pt>
File: assets/shitty_edges.png Graphic file (type png)

<use assets/shitty_edges.png>
Package pdftex.def Info: assets/shitty_edges.png used on input line 107.
(pdftex.def)             Requested size: 245.71811pt x 136.69821pt.

<assets/segmentation_fail.png, id=12, 763.85374pt x 478.78876pt>
File: assets/segmentation_fail.png Graphic file (type png)

<use assets/segmentation_fail.png>
Package pdftex.def Info: assets/segmentation_fail.png used on input line 120.
(pdftex.def)             Requested size: 230.5915pt x 144.54pt.

<assets/segment_before.jpg, id=13, 1682.285pt x 2601.72pt>
File: assets/segment_before.jpg Graphic file (type jpg)

<use assets/segment_before.jpg>
Package pdftex.def Info: assets/segment_before.jpg used on input line 128.
(pdftex.def)             Requested size: 93.43723pt x 144.54pt.
<<<<<<< HEAD
 [2 </media/DOCUMENTS/Dropbox/CS4758/rosws/scrubber/paper/assets/shitty_edges.p
ng> </media/DOCUMENTS/Dropbox/CS4758/rosws/scrubber/paper/assets/segmentation_f
ail.png> </media/DOCUMENTS/Dropbox/CS4758/rosws/scrubber/paper/assets/segment_b
efore.jpg>]
<assets/red-window.jpg, id=22, 301.125pt x 250.9375pt>
=======
 [2 <./assets/shitty_edges.png> <./assets/segmentation_fail.png>] <assets/red-w
indow.jpg, id=22, 301.125pt x 250.9375pt>
>>>>>>> Don't collide..
File: assets/red-window.jpg Graphic file (type jpg)

<use assets/red-window.jpg>
Package pdftex.def Info: assets/red-window.jpg used on input line 151.
(pdftex.def)             Requested size: 173.45796pt x 144.54pt.

<assets/coffee_window_vs_svm.png, id=23, 1204.5pt x 401.5pt>
File: assets/coffee_window_vs_svm.png Graphic file (type png)

<use assets/coffee_window_vs_svm.png>
Package pdftex.def Info: assets/coffee_window_vs_svm.png used on input line 204
.
(pdftex.def)             Requested size: 491.43622pt x 163.81349pt.

<assets/pattern_window_vs_svm.png, id=24, 552.0625pt x 827.09pt>
File: assets/pattern_window_vs_svm.png Graphic file (type png)

<use assets/pattern_window_vs_svm.png>
Package pdftex.def Info: assets/pattern_window_vs_svm.png used on input line 21
1.
(pdftex.def)             Requested size: 144.71219pt x 216.81pt.

<assets/contrast_fail.jpg, id=25, 602.25pt x 602.25pt>
File: assets/contrast_fail.jpg Graphic file (type jpg)

<use assets/contrast_fail.jpg>
Package pdftex.def Info: assets/contrast_fail.jpg used on input line 220.
(pdftex.def)             Requested size: 180.67639pt x 180.67499pt.
<<<<<<< HEAD
 [3 </media/DOCUMENTS/Dropbox/CS4758/rosws/scrubber/paper/assets/red-window.jpg
>] [4 </media/DOCUMENTS/Dropbox/CS4758/rosws/scrubber/paper/assets/coffee_windo
w_vs_svm.png> </media/DOCUMENTS/Dropbox/CS4758/rosws/scrubber/paper/assets/patt
ern_window_vs_svm.png> </media/DOCUMENTS/Dropbox/CS4758/rosws/scrubber/paper/as
sets/contrast_fail.jpg>]
=======
 [3 <./assets/segment_before.jpg> <./assets/red-window.jpg>] [4 <./assets/coffe
e_window_vs_svm.png> <./assets/pattern_window_vs_svm.png> <./assets/contrast_fa
il.jpg>]
>>>>>>> Don't collide..
Missing character: There is no é in font ptmr7t!

Underfull \hbox (badness 10000) in paragraph at lines 249--250
[]\OT1/ptm/m/n/8 Abid, K. (2012, July 11). stack-over-flow Re-trieved from
 []


Underfull \hbox (badness 10000) in paragraph at lines 249--250
\OT1/ptm/m/n/8 http://stackoverflow.com/questions/11294859/how-to-define-the-
 []


Underfull \hbox (badness 2020) in paragraph at lines 251--252
[]\OT1/ptm/m/n/8 Mertens, K. (2005). Dirt de-tec-tion on brown eggs by means
 []


Underfull \hbox (badness 4266) in paragraph at lines 251--252
\OT1/ptm/m/n/8 of color com-puter vi-sion. Manuscript sub-mit-ted for pub-li-ca
-
 []


Underfull \hbox (badness 1521) in paragraph at lines 251--252
\OT1/ptm/m/n/8 tion, Egg Qual-ity and In-cu-ba-tion Re-search Group, , Avail-ab
le
 []

Missing character: There is no ö in font ptmr7t!
[5

] <assets/browncarpet.png, id=35, 1806.75pt x 451.6875pt>
File: assets/browncarpet.png Graphic file (type png)

<use assets/browncarpet.png>
Package pdftex.def Info: assets/browncarpet.png used on input line 264.
(pdftex.def)             Requested size: 505.89pt x 126.47163pt.

<assets/cameratable.png, id=37, 1848.9075pt x 368.37625pt>
File: assets/cameratable.png Graphic file (type png)

<use assets/cameratable.png>
Package pdftex.def Info: assets/cameratable.png used on input line 271.
(pdftex.def)             Requested size: 505.89pt x 100.78946pt.
 <assets/carpet.png, id=38, 2208.25pt x 417.56pt>
File: assets/carpet.png Graphic file (type png)

<use assets/carpet.png>
Package pdftex.def Info: assets/carpet.png used on input line 278.
(pdftex.def)             Requested size: 505.89pt x 95.65448pt.
 <assets/ketchup.png, id=39, 1445.4pt x 271.0125pt>
File: assets/ketchup.png Graphic file (type png)

<use assets/ketchup.png>
Package pdftex.def Info: assets/ketchup.png used on input line 285.
(pdftex.def)             Requested size: 505.89pt x 94.85165pt.
 <assets/milkface.png, id=40, 963.6pt x 240.9pt>
File: assets/milkface.png Graphic file (type png)

<use assets/milkface.png>
Package pdftex.def Info: assets/milkface.png used on input line 292.
(pdftex.def)             Requested size: 505.89pt x 126.4707pt.
 <assets/wood.png, id=41, 1204.5pt x 388.45125pt>
File: assets/wood.png Graphic file (type png)

<use assets/wood.png>
Package pdftex.def Info: assets/wood.png used on input line 299.
(pdftex.def)             Requested size: 505.89pt x 163.1484pt.


** Conference Paper **
Before submitting the final camera ready copy, remember to:

 1. Manually equalize the lengths of two columns on the last page
 of your paper;

 2. Ensure that any PostScript and/or PDF output post-processing
 uses only Type 1 fonts and that every step in the generation
 process uses the US letter (8.5in X 11in) paper size.

[6


 <./assets/browncarpet.png> <./assets/cameratable.png> <./assets/carpet.png> <.
/assets/ketchup.png>] [7 <./assets/milkface.png> <./assets/wood.png>]
(./busbot.aux)

LaTeX Warning: There were multiply-defined labels.

<<<<<<< HEAD
] (/media/DOCUMENTS/Dropbox/CS4758/rosws/scrubber/paper/busbot.aux) ) 
Here is how much of TeX's memory you used:
 2752 strings out of 495059
 40996 string characters out of 3182030
 110412 words of memory out of 3000000
 5905 multiletter control sequences out of 15000+200000
 37487 words of font info for 74 fonts, out of 3000000 for 9000
 14 hyphenation exceptions out of 8191
 39i,8n,23p,1494b,285s stack positions out of 5000i,500n,10000p,200000b,50000s
{/usr/shar
e/texlive/texmf-dist/fonts/enc/dvips/base/8r.enc}</usr/share/texlive/texmf-dist
/fonts/type1/public/amsfonts/cm/cmex10.pfb></usr/share/texlive/texmf-dist/fonts
/type1/public/amsfonts/cm/cmmi10.pfb></usr/share/texlive/texmf-dist/fonts/type1
/public/amsfonts/cm/cmmi7.pfb></usr/share/texlive/texmf-dist/fonts/type1/public
/amsfonts/cm/cmr10.pfb></usr/share/texlive/texmf-dist/fonts/type1/public/amsfon
ts/cm/cmsy10.pfb></usr/share/texlive/texmf-dist/fonts/type1/urw/times/utmb8a.pf
b></usr/share/texlive/texmf-dist/fonts/type1/urw/times/utmbi8a.pfb></usr/share/
texlive/texmf-dist/fonts/type1/urw/times/utmr8a.pfb></usr/share/texlive/texmf-d
ist/fonts/type1/urw/times/utmri8a.pfb>
Output written on busbot.pdf (5 pages, 4316481 bytes).
=======
 ) 
Here is how much of TeX's memory you used:
 2875 strings out of 493488
 42906 string characters out of 3141326
 114495 words of memory out of 3000000
 6143 multiletter control sequences out of 15000+200000
 37487 words of font info for 74 fonts, out of 3000000 for 9000
 957 hyphenation exceptions out of 8191
 38i,8n,23p,1418b,287s stack positions out of 5000i,500n,10000p,200000b,50000s
{/usr/local/texlive/2012/texmf-dist/fonts/enc/dvips/base/8r.enc}</usr/local/t
exlive/2012/texmf-dist/fonts/type1/public/amsfonts/cm/cmex10.pfb></usr/local/te
xlive/2012/texmf-dist/fonts/type1/public/amsfonts/cm/cmmi10.pfb></usr/local/tex
live/2012/texmf-dist/fonts/type1/public/amsfonts/cm/cmmi7.pfb></usr/local/texli
ve/2012/texmf-dist/fonts/type1/public/amsfonts/cm/cmr10.pfb></usr/local/texlive
/2012/texmf-dist/fonts/type1/public/amsfonts/cm/cmsy10.pfb></usr/local/texlive/
2012/texmf-dist/fonts/type1/urw/times/utmb8a.pfb></usr/local/texlive/2012/texmf
-dist/fonts/type1/urw/times/utmbi8a.pfb></usr/local/texlive/2012/texmf-dist/fon
ts/type1/urw/times/utmr8a.pfb></usr/local/texlive/2012/texmf-dist/fonts/type1/u
rw/times/utmri8a.pfb>
Output written on busbot.pdf (7 pages, 8450555 bytes).
>>>>>>> Don't collide..
PDF statistics:
 82 PDF objects out of 1000 (max. 8388607)
 47 compressed objects within 1 object stream
 0 named destinations out of 1000 (max. 500000)
 71 words of extra memory for PDF output out of 10000 (max. 10000000)

